#
# A fatal error has been detected by the Java Runtime Environment:
#
#  SIGSEGV (0xb) at pc=0x00007fc0a478b38a, pid=24033, tid=24045
#
# JRE version: OpenJDK Runtime Environment (11.0.3+12) (build 11.0.3+12-b304.10)
# Java VM: OpenJDK 64-Bit Server VM (11.0.3+12-b304.10, mixed mode, tiered, compressed oops, g1 gc, linux-amd64)
# Problematic frame:
# V  [libjvm.so+0x50f38a]  LIR_Assembler::emit_profile_call(LIR_OpProfileCall*)+0xba
#
# Core dump will be written. Default location: Core dumps may be processed with "/usr/share/apport/apport %p %s %c %d %P" (or dumping to /home/datpt/Documents/adapp-samacom/core.24033)
#
# If you would like to submit a bug report, please visit:
#   http://bugreport.java.com/bugreport/crash.jsp
#

---------------  S U M M A R Y ------------

Command Line: org.jetbrains.git4idea.http.GitAskPassApp Password for 'https://datpt.saf@gitlab.com': 

Host: Intel(R) Core(TM) i5-2520M CPU @ 2.50GHz, 4 cores, 9G, Ubuntu 18.04.2 LTS
Time: Thu Aug  8 17:11:16 2019 +07 elapsed time: 0 seconds (0d 0h 0m 0s)

---------------  T H R E A D  ---------------

Current thread (0x00007fc09c183800):  JavaThread "C1 CompilerThread0" daemon [_thread_in_native, id=24045, stack(0x00007fc08800c000,0x00007fc08810d000)]


Current CompileTask:
C1:    199    8       3       java.util.ImmutableCollections$SetN::probe (56 bytes)

Stack: [0x00007fc08800c000,0x00007fc08810d000],  sp=0x00007fc08810b0a0,  free space=1020k
Native frames: (J=compiled Java code, A=aot compiled Java code, j=interpreted, Vv=VM code, C=native code)
V  [libjvm.so+0x50f38a]  LIR_Assembler::emit_profile_call(LIR_OpProfileCall*)+0xba
V  [libjvm.so+0x4fc187]  LIR_Assembler::emit_code(BlockList*)+0xf7
V  [libjvm.so+0x4cab89]  Compilation::emit_code_body()+0x1a9
V  [libjvm.so+0x4cafed]  Compilation::compile_java_method()+0x31d
V  [libjvm.so+0x4cb1e7]  Compilation::compile_method()+0x137
V  [libjvm.so+0x4cb681]  Compilation::Compilation(AbstractCompiler*, ciEnv*, ciMethod*, int, BufferBlob*, DirectiveSet*)+0x271
V  [libjvm.so+0x4cc72c]  Compiler::compile_method(ciEnv*, ciMethod*, int, DirectiveSet*)+0xac
V  [libjvm.so+0x6483fb]  CompileBroker::invoke_compiler_on_method(CompileTask*)+0x3fb
V  [libjvm.so+0x6498b8]  CompileBroker::compiler_thread_loop()+0x548
V  [libjvm.so+0xd39328]  JavaThread::thread_main_inner()+0xf8
V  [libjvm.so+0xd395d8]  JavaThread::run()+0x268
V  [libjvm.so+0xd359b6]  Thread::call_run()+0x146
V  [libjvm.so+0xba3468]  thread_native_entry(Thread*)+0xf8


siginfo: si_signo: 11 (SIGSEGV), si_code: 1 (SEGV_MAPERR), si_addr: 0x00007fc29c19b143

Register to memory mapping:

RAX=0x00007fc29c19b140 is an unknown value
RBX=0x00007fc09c19af30 points into unknown readable memory: 50 13 5c a5 c0 7f 00 00
RCX=0x0 is NULL
RDX=0x0 is NULL
RSP=0x00007fc08810b0a0 is pointing into the stack for thread: 0x00007fc09c183800
RBP=0x00007fc08810b290 is pointing into the stack for thread: 0x00007fc09c183800
RSI=0x00007fc29c19b143 is an unknown value
RDI=0x00007fc09c19b4b0 points into unknown readable memory: b0 09 5c a5 c0 7f 00 00
R8 =0x00007fc09c19adf0 points into unknown readable memory: b0 09 5c a5 c0 7f 00 00
R9 =0x0 is NULL
R10=0xffffffffffffffff is an unknown value
R11=0x0000000000000140 is an unknown value
R12=0x0 is NULL
R13=0x00007fc08810b310 is pointing into the stack for thread: 0x00007fc09c183800
R14=0x00007fc05c00c790 points into unknown readable memory: 70 c8 5b a5 c0 7f 00 00
R15=0x00007fc09c191e70 points into unknown readable memory: 10 0b 5c a5 c0 7f 00 00


Registers:
RAX=0x00007fc29c19b140, RBX=0x00007fc09c19af30, RCX=0x0000000000000000, RDX=0x0000000000000000
RSP=0x00007fc08810b0a0, RBP=0x00007fc08810b290, RSI=0x00007fc29c19b143, RDI=0x00007fc09c19b4b0
R8 =0x00007fc09c19adf0, R9 =0x0000000000000000, R10=0xffffffffffffffff, R11=0x0000000000000140
R12=0x0000000000000000, R13=0x00007fc08810b310, R14=0x00007fc05c00c790, R15=0x00007fc09c191e70
RIP=0x00007fc0a478b38a, EFLAGS=0x0000000000010202, CSGSFS=0x002b000000000033, ERR=0x0000000000000004
  TRAPNO=0x000000000000000e

Top of Stack: (sp=0x00007fc08810b0a0)
0x00007fc08810b0a0:   0000000000000000 ffffffffffffffff
0x00007fc08810b0b0:   00007fc08810b100 00007fc0a487bea3
0x00007fc08810b0c0:   00007fc08810b200 00007fc08810b130
0x00007fc08810b0d0:   00007fc08810b100 00007fc0a4ebb2e3 

Instructions: (pc=0x00007fc0a478b38a)
0x00007fc0a478b36a:   00 00 00 ba 01 00 00 00 4d 8b 46 30 49 63 76 38
0x00007fc0a478b37a:   49 8b 40 78 48 85 c0 0f 84 41 05 00 00 48 01 c6
0x00007fc0a478b38a:   0f b6 06 3d ca 00 00 00 0f 84 28 03 00 00 48 8d
0x00007fc0a478b39a:   35 81 8a ea 00 48 98 8b 04 86 3d b6 00 00 00 0f 

Stack slot to memory mapping:
stack at sp + 0 slots: 0x0 is NULL
stack at sp + 1 slots: 0xffffffffffffffff is an unknown value
stack at sp + 2 slots: 0x00007fc08810b100 is pointing into the stack for thread: 0x00007fc09c183800
stack at sp + 3 slots: 0x00007fc0a487bea3: <offset 0x00000000005ffea3> in /snap/phpstorm/109/jbr/lib/server/libjvm.so at 0x00007fc0a427c000
stack at sp + 4 slots: 0x00007fc08810b200 is pointing into the stack for thread: 0x00007fc09c183800
stack at sp + 5 slots: 0x00007fc08810b130 is pointing into the stack for thread: 0x00007fc09c183800
stack at sp + 6 slots: 0x00007fc08810b100 is pointing into the stack for thread: 0x00007fc09c183800
stack at sp + 7 slots: 0x00007fc0a4ebb2e3: <offset 0x0000000000c3f2e3> in /snap/phpstorm/109/jbr/lib/server/libjvm.so at 0x00007fc0a427c000


---------------  P R O C E S S  ---------------

Threads class SMR info:
_java_thread_list=0x00007fc09c21ea00, length=9, elements={
0x00007fc09c011800, 0x00007fc09c168800, 0x00007fc09c16c800, 0x00007fc09c17f000,
0x00007fc09c181000, 0x00007fc09c183800, 0x00007fc09c185800, 0x00007fc09c20b800,
0x00007fc09c21d000
}

Java Threads: ( => current thread )
  0x00007fc09c011800 JavaThread "main" [_thread_in_vm, id=24034, stack(0x00007fc0a63d1000,0x00007fc0a64d2000)]
  0x00007fc09c168800 JavaThread "Reference Handler" daemon [_thread_blocked, id=24041, stack(0x00007fc088f60000,0x00007fc089061000)]
  0x00007fc09c16c800 JavaThread "Finalizer" daemon [_thread_blocked, id=24042, stack(0x00007fc088e5f000,0x00007fc088f60000)]
  0x00007fc09c17f000 JavaThread "Signal Dispatcher" daemon [_thread_blocked, id=24043, stack(0x00007fc08820e000,0x00007fc08830f000)]
  0x00007fc09c181000 JavaThread "C2 CompilerThread0" daemon [_thread_blocked, id=24044, stack(0x00007fc08810d000,0x00007fc08820e000)]
=>0x00007fc09c183800 JavaThread "C1 CompilerThread0" daemon [_thread_in_native, id=24045, stack(0x00007fc08800c000,0x00007fc08810d000)]
  0x00007fc09c185800 JavaThread "Sweeper thread" daemon [_thread_blocked, id=24046, stack(0x00007fc07d1cf000,0x00007fc07d2d0000)]
  0x00007fc09c20b800 JavaThread "Service Thread" daemon [_thread_blocked, id=24047, stack(0x00007fc07cf90000,0x00007fc07d091000)]
  0x00007fc09c21d000 JavaThread "Common-Cleaner" daemon [_thread_blocked, id=24049, stack(0x00007fc07cb47000,0x00007fc07cc48000)]

Other Threads:
  0x00007fc09c160000 VMThread "VM Thread" [stack: 0x00007fc089063000,0x00007fc089163000] [id=24040]
  0x00007fc09c20d800 WatcherThread [stack: 0x00007fc07ce90000,0x00007fc07cf90000] [id=24048]
  0x00007fc09c028000 GCTaskThread "GC Thread#0" [stack: 0x00007fc0a23d4000,0x00007fc0a24d4000] [id=24035]
  0x00007fc09c063800 ConcurrentGCThread "G1 Main Marker" [stack: 0x00007fc0a1055000,0x00007fc0a1155000] [id=24036]
  0x00007fc09c065800 ConcurrentGCThread "G1 Conc#0" [stack: 0x00007fc0a0f53000,0x00007fc0a1053000] [id=24037]
  0x00007fc09c0fa800 ConcurrentGCThread "G1 Refine#0" [stack: 0x00007fc0a0a4d000,0x00007fc0a0b4d000] [id=24038]
  0x00007fc09c0fc000 ConcurrentGCThread "G1 Young RemSet Sampling" [stack: 0x00007fc0a094b000,0x00007fc0a0a4b000] [id=24039]

Threads with active compile tasks:
C1 CompilerThread0   8       3       java.util.ImmutableCollections$SetN::probe (56 bytes)

VM state:not at safepoint (normal execution)

VM Mutex/Monitor currently owned by a thread: None

Heap address: 0x0000000765a00000, size: 2470 MB, Compressed Oops mode: Zero based, Oop shift amount: 3
Narrow klass base: 0x0000000800000000, Narrow klass shift: 0
Compressed class space size: 1073741824 Address: 0x0000000800000000

Heap:
 garbage-first heap   total 159744K, used 1024K [0x0000000765a00000, 0x0000000800000000)
  region size 1024K, 2 young (2048K), 0 survivors (0K)
 Metaspace       used 5742K, capacity 5843K, committed 6016K, reserved 1056768K
  class space    used 497K, capacity 561K, committed 640K, reserved 1048576K
Heap Regions: E=young(eden), S=young(survivor), O=old, HS=humongous(starts), HC=humongous(continues), CS=collection set, F=free, A=archive, TAMS=top-at-mark-start (previous, next)
|   0|0x0000000765a00000, 0x0000000765a00000, 0x0000000765b00000|  0%| F|  |TAMS 0x0000000765a00000, 0x0000000765a00000| Untracked 
|   1|0x0000000765b00000, 0x0000000765b00000, 0x0000000765c00000|  0%| F|  |TAMS 0x0000000765b00000, 0x0000000765b00000| Untracked 
|   2|0x0000000765c00000, 0x0000000765c00000, 0x0000000765d00000|  0%| F|  |TAMS 0x0000000765c00000, 0x0000000765c00000| Untracked 
|   3|0x0000000765d00000, 0x0000000765d00000, 0x0000000765e00000|  0%| F|  |TAMS 0x0000000765d00000, 0x0000000765d00000| Untracked 
|   4|0x0000000765e00000, 0x0000000765e00000, 0x0000000765f00000|  0%| F|  |TAMS 0x0000000765e00000, 0x0000000765e00000| Untracked 
|   5|0x0000000765f00000, 0x0000000765f00000, 0x0000000766000000|  0%| F|  |TAMS 0x0000000765f00000, 0x0000000765f00000| Untracked 
|   6|0x0000000766000000, 0x0000000766000000, 0x0000000766100000|  0%| F|  |TAMS 0x0000000766000000, 0x0000000766000000| Untracked 
|   7|0x0000000766100000, 0x0000000766100000, 0x0000000766200000|  0%| F|  |TAMS 0x0000000766100000, 0x0000000766100000| Untracked 
|   8|0x0000000766200000, 0x0000000766200000, 0x0000000766300000|  0%| F|  |TAMS 0x0000000766200000, 0x0000000766200000| Untracked 
|   9|0x0000000766300000, 0x0000000766300000, 0x0000000766400000|  0%| F|  |TAMS 0x0000000766300000, 0x0000000766300000| Untracked 
|  10|0x0000000766400000, 0x0000000766400000, 0x0000000766500000|  0%| F|  |TAMS 0x0000000766400000, 0x0000000766400000| Untracked 
|  11|0x0000000766500000, 0x0000000766500000, 0x0000000766600000|  0%| F|  |TAMS 0x0000000766500000, 0x0000000766500000| Untracked 
|  12|0x0000000766600000, 0x0000000766600000, 0x0000000766700000|  0%| F|  |TAMS 0x0000000766600000, 0x0000000766600000| Untracked 
|  13|0x0000000766700000, 0x0000000766700000, 0x0000000766800000|  0%| F|  |TAMS 0x0000000766700000, 0x0000000766700000| Untracked 
|  14|0x0000000766800000, 0x0000000766800000, 0x0000000766900000|  0%| F|  |TAMS 0x0000000766800000, 0x0000000766800000| Untracked 
|  15|0x0000000766900000, 0x0000000766900000, 0x0000000766a00000|  0%| F|  |TAMS 0x0000000766900000, 0x0000000766900000| Untracked 
|  16|0x0000000766a00000, 0x0000000766a00000, 0x0000000766b00000|  0%| F|  |TAMS 0x0000000766a00000, 0x0000000766a00000| Untracked 
|  17|0x0000000766b00000, 0x0000000766b00000, 0x0000000766c00000|  0%| F|  |TAMS 0x0000000766b00000, 0x0000000766b00000| Untracked 
|  18|0x0000000766c00000, 0x0000000766c00000, 0x0000000766d00000|  0%| F|  |TAMS 0x0000000766c00000, 0x0000000766c00000| Untracked 
|  19|0x0000000766d00000, 0x0000000766d00000, 0x0000000766e00000|  0%| F|  |TAMS 0x0000000766d00000, 0x0000000766d00000| Untracked 
|  20|0x0000000766e00000, 0x0000000766e00000, 0x0000000766f00000|  0%| F|  |TAMS 0x0000000766e00000, 0x0000000766e00000| Untracked 
|  21|0x0000000766f00000, 0x0000000766f00000, 0x0000000767000000|  0%| F|  |TAMS 0x0000000766f00000, 0x0000000766f00000| Untracked 
|  22|0x0000000767000000, 0x0000000767000000, 0x0000000767100000|  0%| F|  |TAMS 0x0000000767000000, 0x0000000767000000| Untracked 
|  23|0x0000000767100000, 0x0000000767100000, 0x0000000767200000|  0%| F|  |TAMS 0x0000000767100000, 0x0000000767100000| Untracked 
|  24|0x0000000767200000, 0x0000000767200000, 0x0000000767300000|  0%| F|  |TAMS 0x0000000767200000, 0x0000000767200000| Untracked 
|  25|0x0000000767300000, 0x0000000767300000, 0x0000000767400000|  0%| F|  |TAMS 0x0000000767300000, 0x0000000767300000| Untracked 
|  26|0x0000000767400000, 0x0000000767400000, 0x0000000767500000|  0%| F|  |TAMS 0x0000000767400000, 0x0000000767400000| Untracked 
|  27|0x0000000767500000, 0x0000000767500000, 0x0000000767600000|  0%| F|  |TAMS 0x0000000767500000, 0x0000000767500000| Untracked 
|  28|0x0000000767600000, 0x0000000767600000, 0x0000000767700000|  0%| F|  |TAMS 0x0000000767600000, 0x0000000767600000| Untracked 
|  29|0x0000000767700000, 0x0000000767700000, 0x0000000767800000|  0%| F|  |TAMS 0x0000000767700000, 0x0000000767700000| Untracked 
|  30|0x0000000767800000, 0x0000000767800000, 0x0000000767900000|  0%| F|  |TAMS 0x0000000767800000, 0x0000000767800000| Untracked 
|  31|0x0000000767900000, 0x0000000767900000, 0x0000000767a00000|  0%| F|  |TAMS 0x0000000767900000, 0x0000000767900000| Untracked 
|  32|0x0000000767a00000, 0x0000000767a00000, 0x0000000767b00000|  0%| F|  |TAMS 0x0000000767a00000, 0x0000000767a00000| Untracked 
|  33|0x0000000767b00000, 0x0000000767b00000, 0x0000000767c00000|  0%| F|  |TAMS 0x0000000767b00000, 0x0000000767b00000| Untracked 
|  34|0x0000000767c00000, 0x0000000767c00000, 0x0000000767d00000|  0%| F|  |TAMS 0x0000000767c00000, 0x0000000767c00000| Untracked 
|  35|0x0000000767d00000, 0x0000000767d00000, 0x0000000767e00000|  0%| F|  |TAMS 0x0000000767d00000, 0x0000000767d00000| Untracked 
|  36|0x0000000767e00000, 0x0000000767e00000, 0x0000000767f00000|  0%| F|  |TAMS 0x0000000767e00000, 0x0000000767e00000| Untracked 
|  37|0x0000000767f00000, 0x0000000767f00000, 0x0000000768000000|  0%| F|  |TAMS 0x0000000767f00000, 0x0000000767f00000| Untracked 
|  38|0x0000000768000000, 0x0000000768000000, 0x0000000768100000|  0%| F|  |TAMS 0x0000000768000000, 0x0000000768000000| Untracked 
|  39|0x0000000768100000, 0x0000000768100000, 0x0000000768200000|  0%| F|  |TAMS 0x0000000768100000, 0x0000000768100000| Untracked 
|  40|0x0000000768200000, 0x0000000768200000, 0x0000000768300000|  0%| F|  |TAMS 0x0000000768200000, 0x0000000768200000| Untracked 
|  41|0x0000000768300000, 0x0000000768300000, 0x0000000768400000|  0%| F|  |TAMS 0x0000000768300000, 0x0000000768300000| Untracked 
|  42|0x0000000768400000, 0x0000000768400000, 0x0000000768500000|  0%| F|  |TAMS 0x0000000768400000, 0x0000000768400000| Untracked 
|  43|0x0000000768500000, 0x0000000768500000, 0x0000000768600000|  0%| F|  |TAMS 0x0000000768500000, 0x0000000768500000| Untracked 
|  44|0x0000000768600000, 0x0000000768600000, 0x0000000768700000|  0%| F|  |TAMS 0x0000000768600000, 0x0000000768600000| Untracked 
|  45|0x0000000768700000, 0x0000000768700000, 0x0000000768800000|  0%| F|  |TAMS 0x0000000768700000, 0x0000000768700000| Untracked 
|  46|0x0000000768800000, 0x0000000768800000, 0x0000000768900000|  0%| F|  |TAMS 0x0000000768800000, 0x0000000768800000| Untracked 
|  47|0x0000000768900000, 0x0000000768900000, 0x0000000768a00000|  0%| F|  |TAMS 0x0000000768900000, 0x0000000768900000| Untracked 
|  48|0x0000000768a00000, 0x0000000768a00000, 0x0000000768b00000|  0%| F|  |TAMS 0x0000000768a00000, 0x0000000768a00000| Untracked 
|  49|0x0000000768b00000, 0x0000000768b00000, 0x0000000768c00000|  0%| F|  |TAMS 0x0000000768b00000, 0x0000000768b00000| Untracked 
|  50|0x0000000768c00000, 0x0000000768c00000, 0x0000000768d00000|  0%| F|  |TAMS 0x0000000768c00000, 0x0000000768c00000| Untracked 
|  51|0x0000000768d00000, 0x0000000768d00000, 0x0000000768e00000|  0%| F|  |TAMS 0x0000000768d00000, 0x0000000768d00000| Untracked 
|  52|0x0000000768e00000, 0x0000000768e00000, 0x0000000768f00000|  0%| F|  |TAMS 0x0000000768e00000, 0x0000000768e00000| Untracked 
|  53|0x0000000768f00000, 0x0000000768f00000, 0x0000000769000000|  0%| F|  |TAMS 0x0000000768f00000, 0x0000000768f00000| Untracked 
|  54|0x0000000769000000, 0x0000000769000000, 0x0000000769100000|  0%| F|  |TAMS 0x0000000769000000, 0x0000000769000000| Untracked 
|  55|0x0000000769100000, 0x0000000769100000, 0x0000000769200000|  0%| F|  |TAMS 0x0000000769100000, 0x0000000769100000| Untracked 
|  56|0x0000000769200000, 0x0000000769200000, 0x0000000769300000|  0%| F|  |TAMS 0x0000000769200000, 0x0000000769200000| Untracked 
|  57|0x0000000769300000, 0x0000000769300000, 0x0000000769400000|  0%| F|  |TAMS 0x0000000769300000, 0x0000000769300000| Untracked 
|  58|0x0000000769400000, 0x0000000769400000, 0x0000000769500000|  0%| F|  |TAMS 0x0000000769400000, 0x0000000769400000| Untracked 
|  59|0x0000000769500000, 0x0000000769500000, 0x0000000769600000|  0%| F|  |TAMS 0x0000000769500000, 0x0000000769500000| Untracked 
|  60|0x0000000769600000, 0x0000000769600000, 0x0000000769700000|  0%| F|  |TAMS 0x0000000769600000, 0x0000000769600000| Untracked 
|  61|0x0000000769700000, 0x0000000769700000, 0x0000000769800000|  0%| F|  |TAMS 0x0000000769700000, 0x0000000769700000| Untracked 
|  62|0x0000000769800000, 0x0000000769800000, 0x0000000769900000|  0%| F|  |TAMS 0x0000000769800000, 0x0000000769800000| Untracked 
|  63|0x0000000769900000, 0x0000000769900000, 0x0000000769a00000|  0%| F|  |TAMS 0x0000000769900000, 0x0000000769900000| Untracked 
|  64|0x0000000769a00000, 0x0000000769a00000, 0x0000000769b00000|  0%| F|  |TAMS 0x0000000769a00000, 0x0000000769a00000| Untracked 
|  65|0x0000000769b00000, 0x0000000769b00000, 0x0000000769c00000|  0%| F|  |TAMS 0x0000000769b00000, 0x0000000769b00000| Untracked 
|  66|0x0000000769c00000, 0x0000000769c00000, 0x0000000769d00000|  0%| F|  |TAMS 0x0000000769c00000, 0x0000000769c00000| Untracked 
|  67|0x0000000769d00000, 0x0000000769d00000, 0x0000000769e00000|  0%| F|  |TAMS 0x0000000769d00000, 0x0000000769d00000| Untracked 
|  68|0x0000000769e00000, 0x0000000769e00000, 0x0000000769f00000|  0%| F|  |TAMS 0x0000000769e00000, 0x0000000769e00000| Untracked 
|  69|0x0000000769f00000, 0x0000000769f00000, 0x000000076a000000|  0%| F|  |TAMS 0x0000000769f00000, 0x0000000769f00000| Untracked 
|  70|0x000000076a000000, 0x000000076a000000, 0x000000076a100000|  0%| F|  |TAMS 0x000000076a000000, 0x000000076a000000| Untracked 
|  71|0x000000076a100000, 0x000000076a100000, 0x000000076a200000|  0%| F|  |TAMS 0x000000076a100000, 0x000000076a100000| Untracked 
|  72|0x000000076a200000, 0x000000076a200000, 0x000000076a300000|  0%| F|  |TAMS 0x000000076a200000, 0x000000076a200000| Untracked 
|  73|0x000000076a300000, 0x000000076a300000, 0x000000076a400000|  0%| F|  |TAMS 0x000000076a300000, 0x000000076a300000| Untracked 
|  74|0x000000076a400000, 0x000000076a400000, 0x000000076a500000|  0%| F|  |TAMS 0x000000076a400000, 0x000000076a400000| Untracked 
|  75|0x000000076a500000, 0x000000076a500000, 0x000000076a600000|  0%| F|  |TAMS 0x000000076a500000, 0x000000076a500000| Untracked 
|  76|0x000000076a600000, 0x000000076a600000, 0x000000076a700000|  0%| F|  |TAMS 0x000000076a600000, 0x000000076a600000| Untracked 
|  77|0x000000076a700000, 0x000000076a700000, 0x000000076a800000|  0%| F|  |TAMS 0x000000076a700000, 0x000000076a700000| Untracked 
|  78|0x000000076a800000, 0x000000076a800000, 0x000000076a900000|  0%| F|  |TAMS 0x000000076a800000, 0x000000076a800000| Untracked 
|  79|0x000000076a900000, 0x000000076a900000, 0x000000076aa00000|  0%| F|  |TAMS 0x000000076a900000, 0x000000076a900000| Untracked 
|  80|0x000000076aa00000, 0x000000076aa00000, 0x000000076ab00000|  0%| F|  |TAMS 0x000000076aa00000, 0x000000076aa00000| Untracked 
|  81|0x000000076ab00000, 0x000000076ab00000, 0x000000076ac00000|  0%| F|  |TAMS 0x000000076ab00000, 0x000000076ab00000| Untracked 
|  82|0x000000076ac00000, 0x000000076ac00000, 0x000000076ad00000|  0%| F|  |TAMS 0x000000076ac00000, 0x000000076ac00000| Untracked 
|  83|0x000000076ad00000, 0x000000076ad00000, 0x000000076ae00000|  0%| F|  |TAMS 0x000000076ad00000, 0x000000076ad00000| Untracked 
|  84|0x000000076ae00000, 0x000000076ae00000, 0x000000076af00000|  0%| F|  |TAMS 0x000000076ae00000, 0x000000076ae00000| Untracked 
|  85|0x000000076af00000, 0x000000076af00000, 0x000000076b000000|  0%| F|  |TAMS 0x000000076af00000, 0x000000076af00000| Untracked 
|  86|0x000000076b000000, 0x000000076b000000, 0x000000076b100000|  0%| F|  |TAMS 0x000000076b000000, 0x000000076b000000| Untracked 
|  87|0x000000076b100000, 0x000000076b100000, 0x000000076b200000|  0%| F|  |TAMS 0x000000076b100000, 0x000000076b100000| Untracked 
|  88|0x000000076b200000, 0x000000076b200000, 0x000000076b300000|  0%| F|  |TAMS 0x000000076b200000, 0x000000076b200000| Untracked 
|  89|0x000000076b300000, 0x000000076b300000, 0x000000076b400000|  0%| F|  |TAMS 0x000000076b300000, 0x000000076b300000| Untracked 
|  90|0x000000076b400000, 0x000000076b400000, 0x000000076b500000|  0%| F|  |TAMS 0x000000076b400000, 0x000000076b400000| Untracked 
|  91|0x000000076b500000, 0x000000076b500000, 0x000000076b600000|  0%| F|  |TAMS 0x000000076b500000, 0x000000076b500000| Untracked 
|  92|0x000000076b600000, 0x000000076b600000, 0x000000076b700000|  0%| F|  |TAMS 0x000000076b600000, 0x000000076b600000| Untracked 
|  93|0x000000076b700000, 0x000000076b700000, 0x000000076b800000|  0%| F|  |TAMS 0x000000076b700000, 0x000000076b700000| Untracked 
|  94|0x000000076b800000, 0x000000076b800000, 0x000000076b900000|  0%| F|  |TAMS 0x000000076b800000, 0x000000076b800000| Untracked 
|  95|0x000000076b900000, 0x000000076b900000, 0x000000076ba00000|  0%| F|  |TAMS 0x000000076b900000, 0x000000076b900000| Untracked 
|  96|0x000000076ba00000, 0x000000076ba00000, 0x000000076bb00000|  0%| F|  |TAMS 0x000000076ba00000, 0x000000076ba00000| Untracked 
|  97|0x000000076bb00000, 0x000000076bb00000, 0x000000076bc00000|  0%| F|  |TAMS 0x000000076bb00000, 0x000000076bb00000| Untracked 
|  98|0x000000076bc00000, 0x000000076bc00000, 0x000000076bd00000|  0%| F|  |TAMS 0x000000076bc00000, 0x000000076bc00000| Untracked 
|  99|0x000000076bd00000, 0x000000076bd00000, 0x000000076be00000|  0%| F|  |TAMS 0x000000076bd00000, 0x000000076bd00000| Untracked 
| 100|0x000000076be00000, 0x000000076be00000, 0x000000076bf00000|  0%| F|  |TAMS 0x000000076be00000, 0x000000076be00000| Untracked 
| 101|0x000000076bf00000, 0x000000076bf00000, 0x000000076c000000|  0%| F|  |TAMS 0x000000076bf00000, 0x000000076bf00000| Untracked 
| 102|0x000000076c000000, 0x000000076c000000, 0x000000076c100000|  0%| F|  |TAMS 0x000000076c000000, 0x000000076c000000| Untracked 
| 103|0x000000076c100000, 0x000000076c100000, 0x000000076c200000|  0%| F|  |TAMS 0x000000076c100000, 0x000000076c100000| Untracked 
| 104|0x000000076c200000, 0x000000076c200000, 0x000000076c300000|  0%| F|  |TAMS 0x000000076c200000, 0x000000076c200000| Untracked 
| 105|0x000000076c300000, 0x000000076c300000, 0x000000076c400000|  0%| F|  |TAMS 0x000000076c300000, 0x000000076c300000| Untracked 
| 106|0x000000076c400000, 0x000000076c400000, 0x000000076c500000|  0%| F|  |TAMS 0x000000076c400000, 0x000000076c400000| Untracked 
| 107|0x000000076c500000, 0x000000076c500000, 0x000000076c600000|  0%| F|  |TAMS 0x000000076c500000, 0x000000076c500000| Untracked 
| 108|0x000000076c600000, 0x000000076c600000, 0x000000076c700000|  0%| F|  |TAMS 0x000000076c600000, 0x000000076c600000| Untracked 
| 109|0x000000076c700000, 0x000000076c700000, 0x000000076c800000|  0%| F|  |TAMS 0x000000076c700000, 0x000000076c700000| Untracked 
| 110|0x000000076c800000, 0x000000076c800000, 0x000000076c900000|  0%| F|  |TAMS 0x000000076c800000, 0x000000076c800000| Untracked 
| 111|0x000000076c900000, 0x000000076c900000, 0x000000076ca00000|  0%| F|  |TAMS 0x000000076c900000, 0x000000076c900000| Untracked 
| 112|0x000000076ca00000, 0x000000076ca00000, 0x000000076cb00000|  0%| F|  |TAMS 0x000000076ca00000, 0x000000076ca00000| Untracked 
| 113|0x000000076cb00000, 0x000000076cb00000, 0x000000076cc00000|  0%| F|  |TAMS 0x000000076cb00000, 0x000000076cb00000| Untracked 
| 114|0x000000076cc00000, 0x000000076cc00000, 0x000000076cd00000|  0%| F|  |TAMS 0x000000076cc00000, 0x000000076cc00000| Untracked 
| 115|0x000000076cd00000, 0x000000076cd00000, 0x000000076ce00000|  0%| F|  |TAMS 0x000000076cd00000, 0x000000076cd00000| Untracked 
| 116|0x000000076ce00000, 0x000000076ce00000, 0x000000076cf00000|  0%| F|  |TAMS 0x000000076ce00000, 0x000000076ce00000| Untracked 
| 117|0x000000076cf00000, 0x000000076cf00000, 0x000000076d000000|  0%| F|  |TAMS 0x000000076cf00000, 0x000000076cf00000| Untracked 
| 118|0x000000076d000000, 0x000000076d000000, 0x000000076d100000|  0%| F|  |TAMS 0x000000076d000000, 0x000000076d000000| Untracked 
| 119|0x000000076d100000, 0x000000076d100000, 0x000000076d200000|  0%| F|  |TAMS 0x000000076d100000, 0x000000076d100000| Untracked 
| 120|0x000000076d200000, 0x000000076d200000, 0x000000076d300000|  0%| F|  |TAMS 0x000000076d200000, 0x000000076d200000| Untracked 
| 121|0x000000076d300000, 0x000000076d300000, 0x000000076d400000|  0%| F|  |TAMS 0x000000076d300000, 0x000000076d300000| Untracked 
| 122|0x000000076d400000, 0x000000076d400000, 0x000000076d500000|  0%| F|  |TAMS 0x000000076d400000, 0x000000076d400000| Untracked 
| 123|0x000000076d500000, 0x000000076d500000, 0x000000076d600000|  0%| F|  |TAMS 0x000000076d500000, 0x000000076d500000| Untracked 
| 124|0x000000076d600000, 0x000000076d600000, 0x000000076d700000|  0%| F|  |TAMS 0x000000076d600000, 0x000000076d600000| Untracked 
| 125|0x000000076d700000, 0x000000076d700000, 0x000000076d800000|  0%| F|  |TAMS 0x000000076d700000, 0x000000076d700000| Untracked 
| 126|0x000000076d800000, 0x000000076d800000, 0x000000076d900000|  0%| F|  |TAMS 0x000000076d800000, 0x000000076d800000| Untracked 
| 127|0x000000076d900000, 0x000000076d900000, 0x000000076da00000|  0%| F|  |TAMS 0x000000076d900000, 0x000000076d900000| Untracked 
| 128|0x000000076da00000, 0x000000076da00000, 0x000000076db00000|  0%| F|  |TAMS 0x000000076da00000, 0x000000076da00000| Untracked 
| 129|0x000000076db00000, 0x000000076db00000, 0x000000076dc00000|  0%| F|  |TAMS 0x000000076db00000, 0x000000076db00000| Untracked 
| 130|0x000000076dc00000, 0x000000076dc00000, 0x000000076dd00000|  0%| F|  |TAMS 0x000000076dc00000, 0x000000076dc00000| Untracked 
| 131|0x000000076dd00000, 0x000000076dd00000, 0x000000076de00000|  0%| F|  |TAMS 0x000000076dd00000, 0x000000076dd00000| Untracked 
| 132|0x000000076de00000, 0x000000076de00000, 0x000000076df00000|  0%| F|  |TAMS 0x000000076de00000, 0x000000076de00000| Untracked 
| 133|0x000000076df00000, 0x000000076df00000, 0x000000076e000000|  0%| F|  |TAMS 0x000000076df00000, 0x000000076df00000| Untracked 
| 134|0x000000076e000000, 0x000000076e000000, 0x000000076e100000|  0%| F|  |TAMS 0x000000076e000000, 0x000000076e000000| Untracked 
| 135|0x000000076e100000, 0x000000076e100000, 0x000000076e200000|  0%| F|  |TAMS 0x000000076e100000, 0x000000076e100000| Untracked 
| 136|0x000000076e200000, 0x000000076e200000, 0x000000076e300000|  0%| F|  |TAMS 0x000000076e200000, 0x000000076e200000| Untracked 
| 137|0x000000076e300000, 0x000000076e300000, 0x000000076e400000|  0%| F|  |TAMS 0x000000076e300000, 0x000000076e300000| Untracked 
| 138|0x000000076e400000, 0x000000076e400000, 0x000000076e500000|  0%| F|  |TAMS 0x000000076e400000, 0x000000076e400000| Untracked 
| 139|0x000000076e500000, 0x000000076e500000, 0x000000076e600000|  0%| F|  |TAMS 0x000000076e500000, 0x000000076e500000| Untracked 
| 140|0x000000076e600000, 0x000000076e600000, 0x000000076e700000|  0%| F|  |TAMS 0x000000076e600000, 0x000000076e600000| Untracked 
| 141|0x000000076e700000, 0x000000076e700000, 0x000000076e800000|  0%| F|  |TAMS 0x000000076e700000, 0x000000076e700000| Untracked 
| 142|0x000000076e800000, 0x000000076e800000, 0x000000076e900000|  0%| F|  |TAMS 0x000000076e800000, 0x000000076e800000| Untracked 
| 143|0x000000076e900000, 0x000000076e900000, 0x000000076ea00000|  0%| F|  |TAMS 0x000000076e900000, 0x000000076e900000| Untracked 
| 144|0x000000076ea00000, 0x000000076ea00000, 0x000000076eb00000|  0%| F|  |TAMS 0x000000076ea00000, 0x000000076ea00000| Untracked 
| 145|0x000000076eb00000, 0x000000076eb00000, 0x000000076ec00000|  0%| F|  |TAMS 0x000000076eb00000, 0x000000076eb00000| Untracked 
| 146|0x000000076ec00000, 0x000000076ec00000, 0x000000076ed00000|  0%| F|  |TAMS 0x000000076ec00000, 0x000000076ec00000| Untracked 
| 147|0x000000076ed00000, 0x000000076ed00000, 0x000000076ee00000|  0%| F|  |TAMS 0x000000076ed00000, 0x000000076ed00000| Untracked 
| 148|0x000000076ee00000, 0x000000076ee00000, 0x000000076ef00000|  0%| F|  |TAMS 0x000000076ee00000, 0x000000076ee00000| Untracked 
| 149|0x000000076ef00000, 0x000000076ef00000, 0x000000076f000000|  0%| F|  |TAMS 0x000000076ef00000, 0x000000076ef00000| Untracked 
| 150|0x000000076f000000, 0x000000076f000000, 0x000000076f100000|  0%| F|  |TAMS 0x000000076f000000, 0x000000076f000000| Untracked 
| 151|0x000000076f100000, 0x000000076f100000, 0x000000076f200000|  0%| F|  |TAMS 0x000000076f100000, 0x000000076f100000| Untracked 
| 152|0x000000076f200000, 0x000000076f200000, 0x000000076f300000|  0%| F|  |TAMS 0x000000076f200000, 0x000000076f200000| Untracked 
| 153|0x000000076f300000, 0x000000076f300000, 0x000000076f400000|  0%| F|  |TAMS 0x000000076f300000, 0x000000076f300000| Untracked 
| 154|0x000000076f400000, 0x000000076f4d9950, 0x000000076f500000| 84%| E|  |TAMS 0x000000076f400000, 0x000000076f400000| Complete 
| 155|0x000000076f500000, 0x000000076f600000, 0x000000076f600000|100%| E|CS|TAMS 0x000000076f500000, 0x000000076f500000| Complete 

Card table byte_map: [0x00007fc0a1628000,0x00007fc0a1afb000] _byte_map_base: 0x00007fc09dafb000

Marking Bits (Prev, Next): (CMBitMap*) 0x00007fc09c059408, (CMBitMap*) 0x00007fc09c059440
 Prev Bits: [0x00007fc081968000, 0x00007fc084000000)
 Next Bits: [0x00007fc07f2d0000, 0x00007fc081968000)

Polling page: 0x00007fc0a64eb000

Metaspace:

Usage:
  Non-class:      5.22 MB capacity,     5.16 MB ( 99%) used,    58.45 KB (  1%) free+waste,     1.88 KB ( <1%) overhead. 
      Class:    561.00 KB capacity,   505.94 KB ( 90%) used,    54.12 KB ( 10%) free+waste,   960 bytes ( <1%) overhead. 
       Both:      5.77 MB capacity,     5.66 MB ( 98%) used,   112.58 KB (  2%) free+waste,     2.81 KB ( <1%) overhead. 

Virtual space:
  Non-class space:        8.00 MB reserved,       5.50 MB ( 69%) committed 
      Class space:        1.00 GB reserved,     640.00 KB ( <1%) committed 
             Both:        1.01 GB reserved,       6.12 MB ( <1%) committed 

Chunk freelists:
   Non-Class:  58.00 KB
       Class:  15.00 KB
        Both:  73.00 KB

CodeHeap 'non-profiled nmethods': size=120032Kb used=8Kb max_used=8Kb free=120023Kb
 bounds [0x00007fc090c2b000, 0x00007fc090e9b000, 0x00007fc098163000]
CodeHeap 'profiled nmethods': size=120032Kb used=8Kb max_used=8Kb free=120023Kb
 bounds [0x00007fc0896f3000, 0x00007fc089963000, 0x00007fc090c2b000]
CodeHeap 'non-nmethods': size=5696Kb used=1039Kb max_used=1039Kb free=4656Kb
 bounds [0x00007fc089163000, 0x00007fc0893d3000, 0x00007fc0896f3000]
 total_blobs=399 nmethods=20 adapters=238
 compilation: enabled
              stopped_count=0, restarted_count=0
 full_count=0

Compilation events (10 events):
Event: 0.065 Thread 0x00007fc09c183800 nmethod 3 0x00007fc0896f3890 code [0x00007fc0896f3a40, 0x00007fc0896f3c10]
Event: 0.065 Thread 0x00007fc09c183800    4       3       java.lang.String::coder (15 bytes)
Event: 0.065 Thread 0x00007fc09c183800 nmethod 4 0x00007fc0896f3c90 code [0x00007fc0896f3e40, 0x00007fc0896f3fd0]
Event: 0.065 Thread 0x00007fc09c183800    5       3       java.lang.String::hashCode (49 bytes)
Event: 0.066 Thread 0x00007fc09c183800 nmethod 5 0x00007fc0896f4090 code [0x00007fc0896f4280, 0x00007fc0896f45d8]
Event: 0.066 Thread 0x00007fc09c183800    6       3       java.lang.Math::floorMod (10 bytes)
Event: 0.066 Thread 0x00007fc09c183800 nmethod 6 0x00007fc0896f4710 code [0x00007fc0896f48c0, 0x00007fc0896f4b10]
Event: 0.066 Thread 0x00007fc09c183800    7       3       java.lang.Math::floorDiv (22 bytes)
Event: 0.066 Thread 0x00007fc09c183800 nmethod 7 0x00007fc0896f4c10 code [0x00007fc0896f4dc0, 0x00007fc0896f4f90]
Event: 0.066 Thread 0x00007fc09c183800    8       3       java.util.ImmutableCollections$SetN::probe (56 bytes)

GC Heap History (0 events):
No events

Deoptimization events (0 events):
No events

Classes redefined (0 events):
No events

Internal exceptions (0 events):
No events

Events (10 events):
Event: 0.065 loading class java/lang/module/ModuleDescriptor$Opens done
Event: 0.066 loading class java/lang/module/ModuleDescriptor$Provides
Event: 0.066 loading class java/lang/module/ModuleDescriptor$Provides done
Event: 0.066 loading class java/util/ImmutableCollections$List12
Event: 0.066 loading class java/util/ImmutableCollections$AbstractImmutableList
Event: 0.066 loading class java/util/ImmutableCollections$AbstractImmutableList done
Event: 0.066 loading class java/util/ImmutableCollections$List12 done
Event: 0.066 loading class java/lang/module/ModuleDescriptor$Version
Event: 0.067 loading class java/lang/module/ModuleDescriptor$Version done
Event: 0.067 loading class java/util/ArrayList


Dynamic libraries:
00400000-00401000 r-xp 00000000 07:07 24                                 /snap/phpstorm/109/jbr/bin/java
00601000-00602000 r--p 00001000 07:07 24                                 /snap/phpstorm/109/jbr/bin/java
00602000-00603000 rw-p 00002000 07:07 24                                 /snap/phpstorm/109/jbr/bin/java
0239b000-023bc000 rw-p 00000000 00:00 0                                  [heap]
765a00000-76f600000 rw-p 00000000 00:00 0 
76f600000-800000000 ---p 00000000 00:00 0 
800000000-8000a0000 rw-p 00000000 00:00 0 
8000a0000-840000000 ---p 00000000 00:00 0 
7fc040000000-7fc040021000 rw-p 00000000 00:00 0 
7fc040021000-7fc044000000 ---p 00000000 00:00 0 
7fc048000000-7fc048021000 rw-p 00000000 00:00 0 
7fc048021000-7fc04c000000 ---p 00000000 00:00 0 
7fc04c000000-7fc04c021000 rw-p 00000000 00:00 0 
7fc04c021000-7fc050000000 ---p 00000000 00:00 0 
7fc050000000-7fc050022000 rw-p 00000000 00:00 0 
7fc050022000-7fc054000000 ---p 00000000 00:00 0 
7fc054000000-7fc054021000 rw-p 00000000 00:00 0 
7fc054021000-7fc058000000 ---p 00000000 00:00 0 
7fc058000000-7fc058021000 rw-p 00000000 00:00 0 
7fc058021000-7fc05c000000 ---p 00000000 00:00 0 
7fc05c000000-7fc05c0c0000 rw-p 00000000 00:00 0 
7fc05c0c0000-7fc060000000 ---p 00000000 00:00 0 
7fc060000000-7fc060021000 rw-p 00000000 00:00 0 
7fc060021000-7fc064000000 ---p 00000000 00:00 0 
7fc064000000-7fc064021000 rw-p 00000000 00:00 0 
7fc064021000-7fc068000000 ---p 00000000 00:00 0 
7fc068000000-7fc068021000 rw-p 00000000 00:00 0 
7fc068021000-7fc06c000000 ---p 00000000 00:00 0 
7fc06c000000-7fc06c021000 rw-p 00000000 00:00 0 
7fc06c021000-7fc070000000 ---p 00000000 00:00 0 
7fc070000000-7fc070021000 rw-p 00000000 00:00 0 
7fc070021000-7fc074000000 ---p 00000000 00:00 0 
7fc074000000-7fc074021000 rw-p 00000000 00:00 0 
7fc074021000-7fc078000000 ---p 00000000 00:00 0 
7fc078000000-7fc078021000 rw-p 00000000 00:00 0 
7fc078021000-7fc07c000000 ---p 00000000 00:00 0 
7fc07c71e000-7fc07c735000 r-xp 00000000 07:07 437                        /snap/phpstorm/109/jbr/lib/libnet.so
7fc07c735000-7fc07c934000 ---p 00017000 07:07 437                        /snap/phpstorm/109/jbr/lib/libnet.so
7fc07c934000-7fc07c935000 r--p 00016000 07:07 437                        /snap/phpstorm/109/jbr/lib/libnet.so
7fc07c935000-7fc07c936000 rw-p 00017000 07:07 437                        /snap/phpstorm/109/jbr/lib/libnet.so
7fc07c936000-7fc07c946000 r-xp 00000000 07:07 438                        /snap/phpstorm/109/jbr/lib/libnio.so
7fc07c946000-7fc07cb45000 ---p 00010000 07:07 438                        /snap/phpstorm/109/jbr/lib/libnio.so
7fc07cb45000-7fc07cb46000 r--p 0000f000 07:07 438                        /snap/phpstorm/109/jbr/lib/libnio.so
7fc07cb46000-7fc07cb47000 rw-p 00010000 07:07 438                        /snap/phpstorm/109/jbr/lib/libnio.so
7fc07cb47000-7fc07cb4b000 ---p 00000000 00:00 0 
7fc07cb4b000-7fc07ce8e000 rw-p 00000000 00:00 0 
7fc07ce8e000-7fc07ce8f000 ---p 00000000 00:00 0 
7fc07ce8f000-7fc07cf90000 rw-p 00000000 00:00 0 
7fc07cf90000-7fc07cf94000 ---p 00000000 00:00 0 
7fc07cf94000-7fc07d1cf000 rw-p 00000000 00:00 0 
7fc07d1cf000-7fc07d1d3000 ---p 00000000 00:00 0 
7fc07d1d3000-7fc07f540000 rw-p 00000000 00:00 0 
7fc07f540000-7fc081968000 ---p 00000000 00:00 0 
7fc081968000-7fc081bd8000 rw-p 00000000 00:00 0 
7fc081bd8000-7fc084000000 ---p 00000000 00:00 0 
7fc084000000-7fc084021000 rw-p 00000000 00:00 0 
7fc084021000-7fc088000000 ---p 00000000 00:00 0 
7fc08800c000-7fc088010000 ---p 00000000 00:00 0 
7fc088010000-7fc08810d000 rw-p 00000000 00:00 0 
7fc08810d000-7fc088111000 ---p 00000000 00:00 0 
7fc088111000-7fc08820e000 rw-p 00000000 00:00 0 
7fc08820e000-7fc088212000 ---p 00000000 00:00 0 
7fc088212000-7fc08830f000 rw-p 00000000 00:00 0 
7fc08830f000-7fc088e5f000 r--p 00000000 08:02 5642950                    /usr/lib/locale/locale-archive
7fc088e5f000-7fc088e63000 ---p 00000000 00:00 0 
7fc088e63000-7fc088f60000 rw-p 00000000 00:00 0 
7fc088f60000-7fc088f64000 ---p 00000000 00:00 0 
7fc088f64000-7fc089061000 rw-p 00000000 00:00 0 
7fc089061000-7fc089062000 ---p 00000000 00:00 0 
7fc089062000-7fc089163000 rw-p 00000000 00:00 0 
7fc089163000-7fc0893d3000 rwxp 00000000 00:00 0 
7fc0893d3000-7fc0896f3000 ---p 00000000 00:00 0 
7fc0896f3000-7fc089963000 rwxp 00000000 00:00 0 
7fc089963000-7fc090c2b000 ---p 00000000 00:00 0 
7fc090c2b000-7fc090e9b000 rwxp 00000000 00:00 0 
7fc090e9b000-7fc098163000 ---p 00000000 00:00 0 
7fc098163000-7fc09c000000 r--s 00000000 07:07 450                        /snap/phpstorm/109/jbr/lib/modules
7fc09c000000-7fc09c2a0000 rw-p 00000000 00:00 0 
7fc09c2a0000-7fc0a0000000 ---p 00000000 00:00 0 
7fc0a003c000-7fc0a06c9000 rw-p 00000000 00:00 0 
7fc0a06c9000-7fc0a0949000 ---p 00000000 00:00 0 
7fc0a0949000-7fc0a094a000 ---p 00000000 00:00 0 
7fc0a094a000-7fc0a0a4b000 rw-p 00000000 00:00 0 
7fc0a0a4b000-7fc0a0a4c000 ---p 00000000 00:00 0 
7fc0a0a4c000-7fc0a0f51000 rw-p 00000000 00:00 0 
7fc0a0f51000-7fc0a0f52000 ---p 00000000 00:00 0 
7fc0a0f52000-7fc0a1053000 rw-p 00000000 00:00 0 
7fc0a1053000-7fc0a1054000 ---p 00000000 00:00 0 
7fc0a1054000-7fc0a11a3000 rw-p 00000000 00:00 0 
7fc0a11a3000-7fc0a1628000 ---p 00000000 00:00 0 
7fc0a1628000-7fc0a1676000 rw-p 00000000 00:00 0 
7fc0a1676000-7fc0a1afb000 ---p 00000000 00:00 0 
7fc0a1afb000-7fc0a1b49000 rw-p 00000000 00:00 0 
7fc0a1b49000-7fc0a1fce000 ---p 00000000 00:00 0 
7fc0a1fce000-7fc0a23d2000 rw-p 00000000 00:00 0 
7fc0a23d2000-7fc0a23d3000 ---p 00000000 00:00 0 
7fc0a23d3000-7fc0a24d9000 rw-p 00000000 00:00 0 
7fc0a24d9000-7fc0a25bf000 ---p 00000000 00:00 0 
7fc0a25bf000-7fc0a25c4000 rw-p 00000000 00:00 0 
7fc0a25c4000-7fc0a26aa000 ---p 00000000 00:00 0 
7fc0a26aa000-7fc0a26af000 r-xp 00000000 07:07 429                        /snap/phpstorm/109/jbr/lib/libjimage.so
7fc0a26af000-7fc0a28af000 ---p 00005000 07:07 429                        /snap/phpstorm/109/jbr/lib/libjimage.so
7fc0a28af000-7fc0a28b0000 r--p 00005000 07:07 429                        /snap/phpstorm/109/jbr/lib/libjimage.so
7fc0a28b0000-7fc0a28b1000 rw-p 00006000 07:07 429                        /snap/phpstorm/109/jbr/lib/libjimage.so
7fc0a28b1000-7fc0a28b8000 r-xp 00000000 07:07 449                        /snap/phpstorm/109/jbr/lib/libzip.so
7fc0a28b8000-7fc0a2ab7000 ---p 00007000 07:07 449                        /snap/phpstorm/109/jbr/lib/libzip.so
7fc0a2ab7000-7fc0a2ab8000 r--p 00006000 07:07 449                        /snap/phpstorm/109/jbr/lib/libzip.so
7fc0a2ab8000-7fc0a2ab9000 rw-p 00007000 07:07 449                        /snap/phpstorm/109/jbr/lib/libzip.so
7fc0a2ab9000-7fc0a2ac4000 r-xp 00000000 08:02 1315683                    /lib/x86_64-linux-gnu/libnss_files-2.27.so
7fc0a2ac4000-7fc0a2cc3000 ---p 0000b000 08:02 1315683                    /lib/x86_64-linux-gnu/libnss_files-2.27.so
7fc0a2cc3000-7fc0a2cc4000 r--p 0000a000 08:02 1315683                    /lib/x86_64-linux-gnu/libnss_files-2.27.so
7fc0a2cc4000-7fc0a2cc5000 rw-p 0000b000 08:02 1315683                    /lib/x86_64-linux-gnu/libnss_files-2.27.so
7fc0a2cc5000-7fc0a2ccb000 rw-p 00000000 00:00 0 
7fc0a2ccb000-7fc0a2ce2000 r-xp 00000000 08:02 1315677                    /lib/x86_64-linux-gnu/libnsl-2.27.so
7fc0a2ce2000-7fc0a2ee1000 ---p 00017000 08:02 1315677                    /lib/x86_64-linux-gnu/libnsl-2.27.so
7fc0a2ee1000-7fc0a2ee2000 r--p 00016000 08:02 1315677                    /lib/x86_64-linux-gnu/libnsl-2.27.so
7fc0a2ee2000-7fc0a2ee3000 rw-p 00017000 08:02 1315677                    /lib/x86_64-linux-gnu/libnsl-2.27.so
7fc0a2ee3000-7fc0a2ee5000 rw-p 00000000 00:00 0 
7fc0a2ee5000-7fc0a2ef0000 r-xp 00000000 08:02 1315694                    /lib/x86_64-linux-gnu/libnss_nis-2.27.so
7fc0a2ef0000-7fc0a30ef000 ---p 0000b000 08:02 1315694                    /lib/x86_64-linux-gnu/libnss_nis-2.27.so
7fc0a30ef000-7fc0a30f0000 r--p 0000a000 08:02 1315694                    /lib/x86_64-linux-gnu/libnss_nis-2.27.so
7fc0a30f0000-7fc0a30f1000 rw-p 0000b000 08:02 1315694                    /lib/x86_64-linux-gnu/libnss_nis-2.27.so
7fc0a30f1000-7fc0a30f9000 r-xp 00000000 08:02 1315679                    /lib/x86_64-linux-gnu/libnss_compat-2.27.so
7fc0a30f9000-7fc0a32f9000 ---p 00008000 08:02 1315679                    /lib/x86_64-linux-gnu/libnss_compat-2.27.so
7fc0a32f9000-7fc0a32fa000 r--p 00008000 08:02 1315679                    /lib/x86_64-linux-gnu/libnss_compat-2.27.so
7fc0a32fa000-7fc0a32fb000 rw-p 00009000 08:02 1315679                    /lib/x86_64-linux-gnu/libnss_compat-2.27.so
7fc0a32fb000-7fc0a3324000 r-xp 00000000 07:07 419                        /snap/phpstorm/109/jbr/lib/libjava.so
7fc0a3324000-7fc0a3523000 ---p 00029000 07:07 419                        /snap/phpstorm/109/jbr/lib/libjava.so
7fc0a3523000-7fc0a3524000 r--p 00028000 07:07 419                        /snap/phpstorm/109/jbr/lib/libjava.so
7fc0a3524000-7fc0a3526000 rw-p 00029000 07:07 419                        /snap/phpstorm/109/jbr/lib/libjava.so
7fc0a3526000-7fc0a3533000 r-xp 00000000 07:07 448                        /snap/phpstorm/109/jbr/lib/libverify.so
7fc0a3533000-7fc0a3732000 ---p 0000d000 07:07 448                        /snap/phpstorm/109/jbr/lib/libverify.so
7fc0a3732000-7fc0a3734000 r--p 0000c000 07:07 448                        /snap/phpstorm/109/jbr/lib/libverify.so
7fc0a3734000-7fc0a3735000 rw-p 0000e000 07:07 448                        /snap/phpstorm/109/jbr/lib/libverify.so
7fc0a3735000-7fc0a373c000 r-xp 00000000 08:02 1315734                    /lib/x86_64-linux-gnu/librt-2.27.so
7fc0a373c000-7fc0a393b000 ---p 00007000 08:02 1315734                    /lib/x86_64-linux-gnu/librt-2.27.so
7fc0a393b000-7fc0a393c000 r--p 00006000 08:02 1315734                    /lib/x86_64-linux-gnu/librt-2.27.so
7fc0a393c000-7fc0a393d000 rw-p 00007000 08:02 1315734                    /lib/x86_64-linux-gnu/librt-2.27.so
7fc0a393d000-7fc0a3954000 r-xp 00000000 08:02 1310743                    /lib/x86_64-linux-gnu/libgcc_s.so.1
7fc0a3954000-7fc0a3b53000 ---p 00017000 08:02 1310743                    /lib/x86_64-linux-gnu/libgcc_s.so.1
7fc0a3b53000-7fc0a3b54000 r--p 00016000 08:02 1310743                    /lib/x86_64-linux-gnu/libgcc_s.so.1
7fc0a3b54000-7fc0a3b55000 rw-p 00017000 08:02 1310743                    /lib/x86_64-linux-gnu/libgcc_s.so.1
7fc0a3b55000-7fc0a3cf2000 r-xp 00000000 08:02 1315656                    /lib/x86_64-linux-gnu/libm-2.27.so
7fc0a3cf2000-7fc0a3ef1000 ---p 0019d000 08:02 1315656                    /lib/x86_64-linux-gnu/libm-2.27.so
7fc0a3ef1000-7fc0a3ef2000 r--p 0019c000 08:02 1315656                    /lib/x86_64-linux-gnu/libm-2.27.so
7fc0a3ef2000-7fc0a3ef3000 rw-p 0019d000 08:02 1315656                    /lib/x86_64-linux-gnu/libm-2.27.so
7fc0a3ef3000-7fc0a406c000 r-xp 00000000 08:02 5636525                    /usr/lib/x86_64-linux-gnu/libstdc++.so.6.0.25
7fc0a406c000-7fc0a426c000 ---p 00179000 08:02 5636525                    /usr/lib/x86_64-linux-gnu/libstdc++.so.6.0.25
7fc0a426c000-7fc0a4276000 r--p 00179000 08:02 5636525                    /usr/lib/x86_64-linux-gnu/libstdc++.so.6.0.25
7fc0a4276000-7fc0a4278000 rw-p 00183000 08:02 5636525                    /usr/lib/x86_64-linux-gnu/libstdc++.so.6.0.25
7fc0a4278000-7fc0a427c000 rw-p 00000000 00:00 0 
7fc0a427c000-7fc0a5324000 r-xp 00000000 07:07 461                        /snap/phpstorm/109/jbr/lib/server/libjvm.so
7fc0a5324000-7fc0a5524000 ---p 010a8000 07:07 461                        /snap/phpstorm/109/jbr/lib/server/libjvm.so
7fc0a5524000-7fc0a55f2000 r--p 010a8000 07:07 461                        /snap/phpstorm/109/jbr/lib/server/libjvm.so
7fc0a55f2000-7fc0a562c000 rw-p 01176000 07:07 461                        /snap/phpstorm/109/jbr/lib/server/libjvm.so
7fc0a562c000-7fc0a5685000 rw-p 00000000 00:00 0 
7fc0a5685000-7fc0a586c000 r-xp 00000000 08:02 1315593                    /lib/x86_64-linux-gnu/libc-2.27.so
7fc0a586c000-7fc0a5a6c000 ---p 001e7000 08:02 1315593                    /lib/x86_64-linux-gnu/libc-2.27.so
7fc0a5a6c000-7fc0a5a70000 r--p 001e7000 08:02 1315593                    /lib/x86_64-linux-gnu/libc-2.27.so
7fc0a5a70000-7fc0a5a72000 rw-p 001eb000 08:02 1315593                    /lib/x86_64-linux-gnu/libc-2.27.so
7fc0a5a72000-7fc0a5a76000 rw-p 00000000 00:00 0 
7fc0a5a76000-7fc0a5a79000 r-xp 00000000 08:02 1315616                    /lib/x86_64-linux-gnu/libdl-2.27.so
7fc0a5a79000-7fc0a5c78000 ---p 00003000 08:02 1315616                    /lib/x86_64-linux-gnu/libdl-2.27.so
7fc0a5c78000-7fc0a5c79000 r--p 00002000 08:02 1315616                    /lib/x86_64-linux-gnu/libdl-2.27.so
7fc0a5c79000-7fc0a5c7a000 rw-p 00003000 08:02 1315616                    /lib/x86_64-linux-gnu/libdl-2.27.so
7fc0a5c7a000-7fc0a5c89000 r-xp 00000000 07:07 397                        /snap/phpstorm/109/jbr/lib/jli/libjli.so
7fc0a5c89000-7fc0a5e88000 ---p 0000f000 07:07 397                        /snap/phpstorm/109/jbr/lib/jli/libjli.so
7fc0a5e88000-7fc0a5e89000 r--p 0000e000 07:07 397                        /snap/phpstorm/109/jbr/lib/jli/libjli.so
7fc0a5e89000-7fc0a5e8a000 rw-p 0000f000 07:07 397                        /snap/phpstorm/109/jbr/lib/jli/libjli.so
7fc0a5e8a000-7fc0a5ea4000 r-xp 00000000 08:02 1315726                    /lib/x86_64-linux-gnu/libpthread-2.27.so
7fc0a5ea4000-7fc0a60a3000 ---p 0001a000 08:02 1315726                    /lib/x86_64-linux-gnu/libpthread-2.27.so
7fc0a60a3000-7fc0a60a4000 r--p 00019000 08:02 1315726                    /lib/x86_64-linux-gnu/libpthread-2.27.so
7fc0a60a4000-7fc0a60a5000 rw-p 0001a000 08:02 1315726                    /lib/x86_64-linux-gnu/libpthread-2.27.so
7fc0a60a5000-7fc0a60a9000 rw-p 00000000 00:00 0 
7fc0a60a9000-7fc0a60c5000 r-xp 00000000 08:02 1315765                    /lib/x86_64-linux-gnu/libz.so.1.2.11
7fc0a60c5000-7fc0a62c4000 ---p 0001c000 08:02 1315765                    /lib/x86_64-linux-gnu/libz.so.1.2.11
7fc0a62c4000-7fc0a62c5000 r--p 0001b000 08:02 1315765                    /lib/x86_64-linux-gnu/libz.so.1.2.11
7fc0a62c5000-7fc0a62c6000 rw-p 0001c000 08:02 1315765                    /lib/x86_64-linux-gnu/libz.so.1.2.11
7fc0a62c6000-7fc0a62ed000 r-xp 00000000 08:02 1315565                    /lib/x86_64-linux-gnu/ld-2.27.so
7fc0a6314000-7fc0a63d1000 rw-p 00000000 00:00 0 
7fc0a63d1000-7fc0a63d5000 ---p 00000000 00:00 0 
7fc0a63d5000-7fc0a64d6000 rw-p 00000000 00:00 0 
7fc0a64d7000-7fc0a64dc000 rw-p 00000000 00:00 0 
7fc0a64dc000-7fc0a64e3000 ---p 00000000 00:00 0 
7fc0a64e3000-7fc0a64eb000 rw-s 00000000 08:02 3936203                    /tmp/hsperfdata_datpt/24033
7fc0a64eb000-7fc0a64ec000 ---p 00000000 00:00 0 
7fc0a64ec000-7fc0a64ed000 r--p 00000000 00:00 0 
7fc0a64ed000-7fc0a64ee000 r--p 00027000 08:02 1315565                    /lib/x86_64-linux-gnu/ld-2.27.so
7fc0a64ee000-7fc0a64ef000 rw-p 00028000 08:02 1315565                    /lib/x86_64-linux-gnu/ld-2.27.so
7fc0a64ef000-7fc0a64f0000 rw-p 00000000 00:00 0 
7ffc8eca6000-7ffc8ecc7000 rw-p 00000000 00:00 0                          [stack]
7ffc8edb0000-7ffc8edb3000 r--p 00000000 00:00 0                          [vvar]
7ffc8edb3000-7ffc8edb4000 r-xp 00000000 00:00 0                          [vdso]
ffffffffff600000-ffffffffff601000 r-xp 00000000 00:00 0                  [vsyscall]


VM Arguments:
java_command: org.jetbrains.git4idea.http.GitAskPassApp Password for 'https://datpt.saf@gitlab.com': 
java_class_path (initial): /snap/phpstorm/109/plugins/git4idea/lib/git4idea-rt.jar:/snap/phpstorm/109/lib/xmlrpc-2.0.1.jar:/snap/phpstorm/109/lib/commons-codec-1.12.jar:/snap/phpstorm/109/lib/util.jar
Launcher Type: SUN_STANDARD

[Global flags]
     intx CICompilerCount                          = 3                                         {product} {ergonomic}
     uint ConcGCThreads                            = 1                                         {product} {ergonomic}
     uint G1ConcRefinementThreads                  = 4                                         {product} {ergonomic}
   size_t G1HeapRegionSize                         = 1048576                                   {product} {ergonomic}
    uintx GCDrainStackTargetSize                   = 64                                        {product} {ergonomic}
   size_t InitialHeapSize                          = 163577856                                 {product} {ergonomic}
   size_t MarkStackSize                            = 4194304                                   {product} {ergonomic}
   size_t MaxHeapSize                              = 2589982720                                {product} {ergonomic}
   size_t MaxNewSize                               = 1553989632                                {product} {ergonomic}
   size_t MinHeapDeltaBytes                        = 1048576                                   {product} {ergonomic}
    uintx NonNMethodCodeHeapSize                   = 5830092                                {pd product} {ergonomic}
    uintx NonProfiledCodeHeapSize                  = 122914074                              {pd product} {ergonomic}
    uintx ProfiledCodeHeapSize                     = 122914074                              {pd product} {ergonomic}
    uintx ReservedCodeCacheSize                    = 251658240                              {pd product} {ergonomic}
     bool SegmentedCodeCache                       = true                                      {product} {ergonomic}
     bool UseCompressedClassPointers               = true                                 {lp64_product} {ergonomic}
     bool UseCompressedOops                        = true                                 {lp64_product} {ergonomic}
     bool UseG1GC                                  = true                                      {product} {ergonomic}

Logging:
Log output configuration:
 #0: stdout all=warning uptime,level,tags
 #1: stderr all=off uptime,level,tags

Environment Variables:
PATH=/usr/lib/git-core:/usr/local/sbin:/usr/local/bin:/usr/sbin:/usr/bin:/sbin:/bin:/usr/games:/usr/local/games:/snap/bin
USERNAME=datpt
SHELL=/bin/bash
DISPLAY=:0

Signal Handlers:
SIGSEGV: [libjvm.so+0xd97a90], sa_mask[0]=11111111011111111101111111111110, sa_flags=SA_RESTART|SA_SIGINFO
SIGBUS: [libjvm.so+0xd97a90], sa_mask[0]=11111111011111111101111111111110, sa_flags=SA_RESTART|SA_SIGINFO
SIGFPE: [libjvm.so+0xd97a90], sa_mask[0]=11111111011111111101111111111110, sa_flags=SA_RESTART|SA_SIGINFO
SIGPIPE: [libjvm.so+0xb99ae0], sa_mask[0]=11111111011111111101111111111110, sa_flags=SA_RESTART|SA_SIGINFO
SIGXFSZ: [libjvm.so+0xb99ae0], sa_mask[0]=11111111011111111101111111111110, sa_flags=SA_RESTART|SA_SIGINFO
SIGILL: [libjvm.so+0xd97a90], sa_mask[0]=11111111011111111101111111111110, sa_flags=SA_RESTART|SA_SIGINFO
SIGUSR2: [libjvm.so+0xb99980], sa_mask[0]=00100000000000000000000000000000, sa_flags=SA_RESTART|SA_SIGINFO
SIGHUP: [libjvm.so+0xb99b30], sa_mask[0]=11111111011111111101111111111110, sa_flags=SA_RESTART|SA_SIGINFO
SIGINT: [libjvm.so+0xb99b30], sa_mask[0]=11111111011111111101111111111110, sa_flags=SA_RESTART|SA_SIGINFO
SIGTERM: [libjvm.so+0xb99b30], sa_mask[0]=11111111011111111101111111111110, sa_flags=SA_RESTART|SA_SIGINFO
SIGQUIT: [libjvm.so+0xb99b30], sa_mask[0]=11111111011111111101111111111110, sa_flags=SA_RESTART|SA_SIGINFO


---------------  S Y S T E M  ---------------

OS:DISTRIB_ID=Ubuntu
DISTRIB_RELEASE=18.04
DISTRIB_CODENAME=bionic
DISTRIB_DESCRIPTION="Ubuntu 18.04.2 LTS"
uname:Linux 5.0.0-23-generic #24~18.04.1-Ubuntu SMP Mon Jul 29 16:12:28 UTC 2019 x86_64
libc:glibc 2.27 NPTL 2.27 
rlimit: STACK 8192k, CORE 0k, NPROC 39303, NOFILE 1048576, AS infinity, DATA infinity, FSIZE infinity
load average:0.51 0.55 0.66

/proc/meminfo:
MemTotal:       10109604 kB
MemFree:         3398680 kB
MemAvailable:    5826300 kB
Buffers:          391792 kB
Cached:          2647204 kB
SwapCached:            0 kB
Active:          4485164 kB
Inactive:        1469188 kB
Active(anon):    3237280 kB
Inactive(anon):    88208 kB
Active(file):    1247884 kB
Inactive(file):  1380980 kB
Unevictable:      339452 kB
Mlocked:              72 kB
SwapTotal:       2097148 kB
SwapFree:        2097148 kB
Dirty:               916 kB
Writeback:            24 kB
AnonPages:       3255184 kB
Mapped:           814072 kB
Shmem:            409904 kB
KReclaimable:     186300 kB
Slab:             249504 kB
SReclaimable:     186300 kB
SUnreclaim:        63204 kB
KernelStack:       15184 kB
PageTables:        65372 kB
NFS_Unstable:          0 kB
Bounce:                0 kB
WritebackTmp:          0 kB
CommitLimit:     7151948 kB
Committed_AS:   10022300 kB
VmallocTotal:   34359738367 kB
VmallocUsed:           0 kB
VmallocChunk:          0 kB
Percpu:             2528 kB
HardwareCorrupted:     0 kB
AnonHugePages:         0 kB
ShmemHugePages:        0 kB
ShmemPmdMapped:        0 kB
CmaTotal:              0 kB
CmaFree:               0 kB
HugePages_Total:       0
HugePages_Free:        0
HugePages_Rsvd:        0
HugePages_Surp:        0
Hugepagesize:       2048 kB
Hugetlb:               0 kB
DirectMap4k:      267904 kB
DirectMap2M:    10098688 kB


/proc/sys/kernel/threads-max (system-wide limit on the number of threads):
78607


/proc/sys/vm/max_map_count (maximum number of memory map areas a process may have):
65530


/proc/sys/kernel/pid_max (system-wide limit on number of process identifiers):
32768



container (cgroup) information:
container_type: cgroupv1
cpu_cpuset_cpus: 0-3
cpu_memory_nodes: 0
active_processor_count: 4
cpu_quota: -1
cpu_period: 100000
cpu_shares: -1
memory_limit_in_bytes: -1
memory_and_swap_limit_in_bytes: -2
memory_soft_limit_in_bytes: -1
memory_usage_in_bytes: 6445371392
memory_max_usage_in_bytes: 8364032


CPU:total 4 (initial active 4) (2 cores per cpu, 2 threads per core) family 6 model 42 stepping 7, cmov, cx8, fxsr, mmx, sse, sse2, sse3, ssse3, sse4.1, sse4.2, popcnt, avx, aes, clmul, ht, tsc, tscinvbit
CPU Model and flags from /proc/cpuinfo:
model name	: Intel(R) Core(TM) i5-2520M CPU @ 2.50GHz
flags		: fpu vme de pse tsc msr pae mce cx8 apic sep mtrr pge mca cmov pat pse36 clflush dts acpi mmx fxsr sse sse2 ss ht tm pbe syscall nx rdtscp lm constant_tsc arch_perfmon pebs bts nopl xtopology nonstop_tsc cpuid aperfmperf pni pclmulqdq dtes64 monitor ds_cpl vmx smx est tm2 ssse3 cx16 xtpr pdcm pcid sse4_1 sse4_2 x2apic popcnt tsc_deadline_timer aes xsave avx lahf_lm epb pti ssbd ibrs ibpb stibp tpr_shadow vnmi flexpriority ept vpid xsaveopt dtherm ida arat pln pts md_clear flush_l1d

Memory: 4k page, physical 10109604k(3398680k free), swap 2097148k(2097148k free)

vm_info: OpenJDK 64-Bit Server VM (11.0.3+12-b304.10) for linux-amd64 JRE (11.0.3+12-b304.10), built on Jun 25 2019 04:28:12 by "" with gcc 4.8.5 20150623 (Red Hat 4.8.5-28)

END.
